TN:
SF:src/core/utils/constants.ts
FNF:0
FNH:0
DA:1,1
DA:14,1
LF:2
LH:2
BRF:0
BRH:0
end_of_record
TN:
SF:src/core/utils/enums.ts
FN:3,(anonymous_0)
FN:9,(anonymous_1)
FNF:2
FNH:2
FNDA:1,(anonymous_0)
FNDA:1,(anonymous_1)
DA:3,1
DA:4,1
DA:5,1
DA:6,1
DA:9,1
DA:10,1
DA:11,1
DA:12,1
LF:8
LH:8
BRDA:3,0,0,1
BRDA:3,0,1,1
BRDA:9,1,0,1
BRDA:9,1,1,1
BRF:4
BRH:4
end_of_record
TN:
SF:src/core/utils/lib.ts
FN:4,(anonymous_1)
FN:14,(anonymous_2)
FN:39,(anonymous_3)
FNF:3
FNH:3
FNDA:1,(anonymous_1)
FNDA:1,(anonymous_2)
FNDA:1,(anonymous_3)
DA:1,1
DA:2,1
DA:4,1
DA:5,1
DA:11,1
DA:14,1
DA:15,1
DA:16,1
DA:19,0
DA:21,0
DA:30,1
DA:32,0
DA:35,0
DA:39,1
DA:40,1
DA:41,1
DA:44,0
DA:46,0
DA:48,0
DA:50,0
DA:52,0
DA:54,0
DA:56,0
DA:58,0
DA:60,1
DA:62,0
DA:64,0
DA:67,0
DA:71,1
LF:29
LH:14
BRDA:4,0,0,0
BRDA:16,1,0,0
BRDA:16,1,1,0
BRDA:16,1,2,0
BRDA:16,1,3,0
BRDA:16,1,4,0
BRDA:16,1,5,0
BRDA:16,1,6,0
BRDA:16,1,7,0
BRDA:16,1,8,0
BRDA:16,1,9,1
BRDA:16,1,10,1
BRDA:16,1,11,0
BRDA:41,2,0,0
BRDA:41,2,1,0
BRDA:41,2,2,0
BRDA:41,2,3,0
BRDA:41,2,4,0
BRDA:41,2,5,0
BRDA:41,2,6,0
BRDA:41,2,7,0
BRDA:41,2,8,0
BRDA:41,2,9,1
BRDA:41,2,10,0
BRDA:41,2,11,0
BRDA:44,3,0,0
BRDA:44,3,1,0
BRDA:44,4,0,0
BRDA:44,4,1,0
BRDA:44,5,0,0
BRDA:44,5,1,0
BRDA:46,6,0,0
BRDA:46,6,1,0
BRDA:46,7,0,0
BRDA:46,7,1,0
BRDA:46,8,0,0
BRDA:46,8,1,0
BRDA:48,9,0,0
BRDA:48,9,1,0
BRDA:48,10,0,0
BRDA:48,10,1,0
BRDA:48,11,0,0
BRDA:48,11,1,0
BRDA:50,12,0,0
BRDA:50,12,1,0
BRDA:50,13,0,0
BRDA:50,13,1,0
BRDA:50,14,0,0
BRDA:50,14,1,0
BRDA:52,15,0,0
BRDA:52,15,1,0
BRDA:52,16,0,0
BRDA:52,16,1,0
BRDA:52,17,0,0
BRDA:52,17,1,0
BRDA:54,18,0,0
BRDA:54,18,1,0
BRDA:54,19,0,0
BRDA:54,19,1,0
BRDA:54,20,0,0
BRDA:54,20,1,0
BRDA:56,21,0,0
BRDA:56,21,1,0
BRDA:56,22,0,0
BRDA:56,22,1,0
BRDA:56,23,0,0
BRDA:56,23,1,0
BRDA:58,24,0,0
BRDA:58,24,1,0
BRDA:58,25,0,0
BRDA:58,25,1,0
BRDA:58,26,0,0
BRDA:58,26,1,0
BRDA:60,27,0,1
BRDA:60,27,1,0
BRDA:60,28,0,0
BRDA:60,28,1,1
BRDA:60,29,0,1
BRDA:60,29,1,1
BRDA:62,30,0,0
BRDA:62,30,1,0
BRDA:62,31,0,0
BRDA:62,31,1,0
BRDA:62,32,0,0
BRDA:62,32,1,0
BRDA:64,33,0,0
BRDA:64,33,1,0
BRDA:64,34,0,0
BRDA:64,34,1,0
BRDA:64,35,0,0
BRDA:64,35,1,0
BRF:91
BRH:7
end_of_record
TN:
SF:src/futures/accessment/entities/accessment.entity.ts
FN:25,(anonymous_2)
FN:25,(anonymous_3)
FN:28,(anonymous_4)
FN:28,(anonymous_5)
FN:32,(anonymous_6)
FN:32,(anonymous_7)
FNF:6
FNH:0
FNDA:0,(anonymous_2)
FNDA:0,(anonymous_3)
FNDA:0,(anonymous_4)
FNDA:0,(anonymous_5)
FNDA:0,(anonymous_6)
FNDA:0,(anonymous_7)
DA:1,1
DA:2,1
DA:3,1
DA:4,1
DA:6,1
DA:9,1
DA:11,1
DA:14,1
DA:17,1
DA:20,1
DA:23,1
DA:25,0
DA:26,1
DA:28,0
DA:29,1
DA:32,0
DA:33,1
LF:17
LH:14
BRF:0
BRH:0
end_of_record
TN:
SF:src/futures/course/entities/course.entity.ts
FN:25,(anonymous_2)
FN:25,(anonymous_3)
FN:34,(anonymous_4)
FN:34,(anonymous_5)
FN:37,(anonymous_6)
FN:37,(anonymous_7)
FN:43,(anonymous_8)
FN:43,(anonymous_9)
FNF:8
FNH:0
FNDA:0,(anonymous_2)
FNDA:0,(anonymous_3)
FNDA:0,(anonymous_4)
FNDA:0,(anonymous_5)
FNDA:0,(anonymous_6)
FNDA:0,(anonymous_7)
FNDA:0,(anonymous_8)
FNDA:0,(anonymous_9)
DA:1,1
DA:10,1
DA:11,1
DA:12,1
DA:13,1
DA:14,1
DA:17,1
DA:19,1
DA:23,1
DA:25,0
DA:26,1
DA:29,1
DA:32,1
DA:34,0
DA:35,1
DA:37,0
DA:38,1
DA:41,1
DA:43,0
DA:44,1
DA:47,1
DA:50,1
DA:53,1
DA:56,1
LF:24
LH:20
BRF:0
BRH:0
end_of_record
TN:
SF:src/futures/course/service/course.service.ts
FN:9,(anonymous_1)
FN:17,(anonymous_2)
FN:40,(anonymous_3)
FN:51,(anonymous_4)
FNF:4
FNH:4
FNDA:5,(anonymous_1)
FNDA:2,(anonymous_2)
FNDA:2,(anonymous_3)
FNDA:1,(anonymous_4)
DA:5,1
DA:6,1
DA:7,1
DA:8,1
DA:9,5
DA:18,2
DA:19,2
DA:20,2
DA:21,1
DA:22,1
DA:24,1
DA:41,2
DA:42,2
DA:52,1
DA:53,1
DA:56,1
DA:59,1
DA:66,1
DA:67,1
DA:71,1
DA:72,1
DA:76,1
DA:77,1
DA:82,1
DA:83,1
DA:87,1
DA:90,1
DA:92,0
DA:93,0
LF:29
LH:27
BRDA:66,0,0,1
BRDA:71,1,0,1
BRDA:76,2,0,1
BRDA:82,3,0,1
BRF:4
BRH:4
end_of_record
TN:
SF:src/futures/enrollment/entities/enrollment.entity.ts
FN:20,(anonymous_2)
FN:20,(anonymous_3)
FN:23,(anonymous_4)
FN:23,(anonymous_5)
FNF:4
FNH:0
FNDA:0,(anonymous_2)
FNDA:0,(anonymous_3)
FNDA:0,(anonymous_4)
FNDA:0,(anonymous_5)
DA:1,1
DA:11,1
DA:12,1
DA:16,1
DA:18,1
DA:20,0
DA:21,1
DA:23,0
DA:24,1
DA:27,1
DA:30,1
DA:33,1
DA:36,1
LF:13
LH:11
BRF:0
BRH:0
end_of_record
TN:
SF:src/futures/instructor/entities/instructor.entity.ts
FN:11,(anonymous_2)
FN:11,(anonymous_3)
FN:14,(anonymous_4)
FN:14,(anonymous_5)
FN:18,(anonymous_6)
FN:18,(anonymous_7)
FNF:6
FNH:0
FNDA:0,(anonymous_2)
FNDA:0,(anonymous_3)
FNDA:0,(anonymous_4)
FNDA:0,(anonymous_5)
FNDA:0,(anonymous_6)
FNDA:0,(anonymous_7)
DA:1,1
DA:2,1
DA:3,1
DA:4,1
DA:7,1
DA:9,1
DA:11,0
DA:12,1
DA:14,0
DA:16,1
DA:18,0
DA:19,1
LF:12
LH:9
BRF:0
BRH:0
end_of_record
TN:
SF:src/futures/modules/entities/module.entity.ts
FN:11,(anonymous_2)
FN:11,(anonymous_3)
FNF:2
FNH:0
FNDA:0,(anonymous_2)
FNDA:0,(anonymous_3)
DA:1,1
DA:2,1
DA:7,1
DA:9,1
DA:11,0
DA:12,1
DA:15,1
DA:18,1
DA:21,1
DA:24,1
DA:27,1
DA:30,1
DA:33,1
DA:36,1
DA:39,1
LF:15
LH:14
BRF:0
BRH:0
end_of_record
TN:
SF:src/futures/students/entities/student.entity.ts
FN:10,(anonymous_2)
FN:10,(anonymous_3)
FN:14,(anonymous_4)
FN:14,(anonymous_5)
FNF:4
FNH:0
FNDA:0,(anonymous_2)
FNDA:0,(anonymous_3)
FNDA:0,(anonymous_4)
FNDA:0,(anonymous_5)
DA:1,1
DA:2,1
DA:3,1
DA:6,1
DA:8,1
DA:10,0
DA:11,1
DA:14,0
DA:16,1
LF:9
LH:7
BRF:0
BRH:0
end_of_record
TN:
SF:src/futures/submission/entities/submission.entity.ts
FN:10,(anonymous_2)
FN:10,(anonymous_3)
FN:13,(anonymous_4)
FN:13,(anonymous_5)
FNF:4
FNH:0
FNDA:0,(anonymous_2)
FNDA:0,(anonymous_3)
FNDA:0,(anonymous_4)
FNDA:0,(anonymous_5)
DA:1,1
DA:2,1
DA:3,1
DA:6,1
DA:8,1
DA:10,0
DA:11,1
DA:13,0
DA:14,1
DA:17,1
DA:20,1
DA:23,1
DA:26,1
DA:29,1
DA:32,1
LF:15
LH:13
BRF:0
BRH:0
end_of_record
TN:
SF:src/futures/users/entities/user.entity.ts
FN:106,(anonymous_11)
FN:55,(anonymous_12)
FN:55,(anonymous_13)
FN:58,(anonymous_14)
FN:58,(anonymous_15)
FNF:5
FNH:0
FNDA:0,(anonymous_11)
FNDA:0,(anonymous_12)
FNDA:0,(anonymous_13)
FNDA:0,(anonymous_14)
FNDA:0,(anonymous_15)
DA:1,1
DA:13,1
DA:14,1
DA:16,1
DA:17,1
DA:18,1
DA:21,1
DA:23,1
DA:26,1
DA:29,1
DA:32,1
DA:35,1
DA:38,1
DA:41,1
DA:44,1
DA:47,1
DA:50,1
DA:53,1
DA:55,0
DA:56,1
DA:58,0
DA:59,1
DA:62,1
DA:65,1
DA:70,1
DA:73,1
DA:76,1
DA:79,1
DA:82,1
DA:85,1
DA:88,1
DA:91,1
DA:94,1
DA:97,1
DA:106,1
DA:107,0
DA:110,0
DA:111,0
DA:115,0
DA:116,0
LF:40
LH:33
BRDA:110,0,0,0
BRDA:110,1,0,0
BRDA:110,1,1,0
BRDA:115,2,0,0
BRDA:115,3,0,0
BRDA:115,3,1,0
BRF:6
BRH:0
end_of_record
